<?xml version="1.0" encoding="UTF-8"?>
<!-- Generated by org.testng.reporters.JUnitXMLReporter -->
<testsuite ignored="0" hostname="DESKTOP-6AOHFH7" failures="0" tests="3" name="Default test" time="33.579" errors="0" timestamp="11 Jun 2024 07:36:24 GMT">
  <testcase classname="testNgWorking.DemoWebShop" name="register" time="29.492"/>
  <testcase classname="testNgWorking.DemoWebShop" name="login" time="2.67"/>
  <testcase classname="testNgWorking.DemoWebShop" name="AddTOCart" time="1.381"/>
</testsuite> <!-- Default test -->
