<?xml version="1.0" encoding="UTF-8"?>
<testng-results ignored="0" total="3" passed="3" failed="0" skipped="0">
  <reporter-output>
  </reporter-output>
  <suite started-at="2024-06-11T07:35:51Z" name="Default suite" finished-at="2024-06-11T07:36:24Z" duration-ms="33579">
    <groups>
    </groups>
    <test started-at="2024-06-11T07:35:51Z" name="Default test" finished-at="2024-06-11T07:36:24Z" duration-ms="33579">
      <class name="testNgWorking.DemoWebShop">
        <test-method signature="register()[pri:1, instance:testNgWorking.DemoWebShop@231f98ef]" started-at="2024-06-11T07:35:51Z" name="register" finished-at="2024-06-11T07:36:20Z" duration-ms="29492" status="PASS">
          <reporter-output>
          </reporter-output>
        </test-method> <!-- register -->
        <test-method signature="login()[pri:2, instance:testNgWorking.DemoWebShop@231f98ef]" started-at="2024-06-11T07:36:20Z" name="login" finished-at="2024-06-11T07:36:23Z" duration-ms="2670" status="PASS">
          <reporter-output>
          </reporter-output>
        </test-method> <!-- login -->
        <test-method signature="AddTOCart()[pri:3, instance:testNgWorking.DemoWebShop@231f98ef]" started-at="2024-06-11T07:36:23Z" name="AddTOCart" finished-at="2024-06-11T07:36:24Z" duration-ms="1381" status="PASS">
          <reporter-output>
          </reporter-output>
        </test-method> <!-- AddTOCart -->
      </class> <!-- testNgWorking.DemoWebShop -->
    </test> <!-- Default test -->
  </suite> <!-- Default suite -->
</testng-results>
